[16-Sep-2023 11:51:45 UTC] Cron reschedule event error for hook: wp_privacy_delete_old_export_files, Error code: could_not_set, Error message: The cron event list could not be saved., Data: {"schedule":"hourly","args":[],"interval":3600}
[20-Sep-2023 12:11:01 UTC] PHP Warning:  Failed loading Zend extension 'php_opcache.dll' (tried: C:/Program Files (x86)/Local/resources/extraResources/lightning-services/php-8.1.9+8/bin/win64/ext\php_opcache.dll (The specified module could not be found), C:/Program Files (x86)/Local/resources/extraResources/lightning-services/php-8.1.9+8/bin/win64/ext\php_php_opcache.dll.dll (The specified module could not be found)) in Unknown on line 0
[20-Sep-2023 12:11:01 UTC] PHP Warning:  Failed loading Zend extension 'php_xdebug.dll' (tried: C:/Program Files (x86)/Local/resources/extraResources/lightning-services/php-8.1.9+8/bin/win64/ext\php_xdebug.dll (The specified module could not be found), C:/Program Files (x86)/Local/resources/extraResources/lightning-services/php-8.1.9+8/bin/win64/ext\php_php_xdebug.dll.dll (The specified module could not be found)) in Unknown on line 0
[20-Sep-2023 12:11:01 UTC] PHP Warning:  PHP Startup: Unable to load dynamic library 'php_curl.dll' (tried: C:/Program Files (x86)/Local/resources/extraResources/lightning-services/php-8.1.9+8/bin/win64/ext\php_curl.dll (The specified module could not be found), C:/Program Files (x86)/Local/resources/extraResources/lightning-services/php-8.1.9+8/bin/win64/ext\php_php_curl.dll.dll (The specified module could not be found)) in Unknown on line 0
[20-Sep-2023 12:11:01 UTC] PHP Warning:  PHP Startup: Unable to load dynamic library 'php_gettext.dll' (tried: C:/Program Files (x86)/Local/resources/extraResources/lightning-services/php-8.1.9+8/bin/win64/ext\php_gettext.dll (The specified module could not be found), C:/Program Files (x86)/Local/resources/extraResources/lightning-services/php-8.1.9+8/bin/win64/ext\php_php_gettext.dll.dll (The specified module could not be found)) in Unknown on line 0
[20-Sep-2023 12:11:01 UTC] PHP Warning:  PHP Startup: Unable to load dynamic library 'php_openssl.dll' (tried: C:/Program Files (x86)/Local/resources/extraResources/lightning-services/php-8.1.9+8/bin/win64/ext\php_openssl.dll (The specified module could not be found), C:/Program Files (x86)/Local/resources/extraResources/lightning-services/php-8.1.9+8/bin/win64/ext\php_php_openssl.dll.dll (The specified module could not be found)) in Unknown on line 0
[20-Sep-2023 12:11:01 UTC] PHP Warning:  PHP Startup: Unable to load dynamic library 'php_exif.dll' (tried: C:/Program Files (x86)/Local/resources/extraResources/lightning-services/php-8.1.9+8/bin/win64/ext\php_exif.dll (The specified module could not be found), C:/Program Files (x86)/Local/resources/extraResources/lightning-services/php-8.1.9+8/bin/win64/ext\php_php_exif.dll.dll (The specified module could not be found)) in Unknown on line 0
[20-Sep-2023 12:11:01 UTC] PHP Warning:  PHP Startup: Unable to load dynamic library 'php_gd.dll' (tried: C:/Program Files (x86)/Local/resources/extraResources/lightning-services/php-8.1.9+8/bin/win64/ext\php_gd.dll (The specified module could not be found), C:/Program Files (x86)/Local/resources/extraResources/lightning-services/php-8.1.9+8/bin/win64/ext\php_php_gd.dll.dll (The specified module could not be found)) in Unknown on line 0
[20-Sep-2023 12:11:01 UTC] PHP Warning:  PHP Startup: Unable to load dynamic library 'php_ftp.dll' (tried: C:/Program Files (x86)/Local/resources/extraResources/lightning-services/php-8.1.9+8/bin/win64/ext\php_ftp.dll (The specified module could not be found), C:/Program Files (x86)/Local/resources/extraResources/lightning-services/php-8.1.9+8/bin/win64/ext\php_php_ftp.dll.dll (The specified module could not be found)) in Unknown on line 0
[20-Sep-2023 12:11:01 UTC] PHP Warning:  PHP Startup: Unable to load dynamic library 'php_imap.dll' (tried: C:/Program Files (x86)/Local/resources/extraResources/lightning-services/php-8.1.9+8/bin/win64/ext\php_imap.dll (The specified module could not be found), C:/Program Files (x86)/Local/resources/extraResources/lightning-services/php-8.1.9+8/bin/win64/ext\php_php_imap.dll.dll (The specified module could not be found)) in Unknown on line 0
[20-Sep-2023 12:11:01 UTC] PHP Warning:  PHP Startup: Unable to load dynamic library 'php_bz2.dll' (tried: C:/Program Files (x86)/Local/resources/extraResources/lightning-services/php-8.1.9+8/bin/win64/ext\php_bz2.dll (The specified module could not be found), C:/Program Files (x86)/Local/resources/extraResources/lightning-services/php-8.1.9+8/bin/win64/ext\php_php_bz2.dll.dll (The specified module could not be found)) in Unknown on line 0
[20-Sep-2023 12:11:01 UTC] PHP Warning:  PHP Startup: Unable to load dynamic library 'php_mbstring.dll' (tried: C:/Program Files (x86)/Local/resources/extraResources/lightning-services/php-8.1.9+8/bin/win64/ext\php_mbstring.dll (The specified module could not be found), C:/Program Files (x86)/Local/resources/extraResources/lightning-services/php-8.1.9+8/bin/win64/ext\php_php_mbstring.dll.dll (The specified module could not be found)) in Unknown on line 0
[20-Sep-2023 12:11:01 UTC] PHP Warning:  PHP Startup: Unable to load dynamic library 'php_sodium.dll' (tried: C:/Program Files (x86)/Local/resources/extraResources/lightning-services/php-8.1.9+8/bin/win64/ext\php_sodium.dll (The specified module could not be found), C:/Program Files (x86)/Local/resources/extraResources/lightning-services/php-8.1.9+8/bin/win64/ext\php_php_sodium.dll.dll (The specified module could not be found)) in Unknown on line 0
[20-Sep-2023 12:11:01 UTC] PHP Warning:  PHP Startup: Unable to load dynamic library 'php_tidy.dll' (tried: C:/Program Files (x86)/Local/resources/extraResources/lightning-services/php-8.1.9+8/bin/win64/ext\php_tidy.dll (The specified module could not be found), C:/Program Files (x86)/Local/resources/extraResources/lightning-services/php-8.1.9+8/bin/win64/ext\php_php_tidy.dll.dll (The specified module could not be found)) in Unknown on line 0
[20-Sep-2023 12:11:01 UTC] PHP Warning:  PHP Startup: Unable to load dynamic library 'php_xsl.dll' (tried: C:/Program Files (x86)/Local/resources/extraResources/lightning-services/php-8.1.9+8/bin/win64/ext\php_xsl.dll (The specified module could not be found), C:/Program Files (x86)/Local/resources/extraResources/lightning-services/php-8.1.9+8/bin/win64/ext\php_php_xsl.dll.dll (The specified module could not be found)) in Unknown on line 0
[20-Sep-2023 12:11:01 UTC] PHP Warning:  PHP Startup: Unable to load dynamic library 'php_soap.dll' (tried: C:/Program Files (x86)/Local/resources/extraResources/lightning-services/php-8.1.9+8/bin/win64/ext\php_soap.dll (The specified module could not be found), C:/Program Files (x86)/Local/resources/extraResources/lightning-services/php-8.1.9+8/bin/win64/ext\php_php_soap.dll.dll (The specified module could not be found)) in Unknown on line 0
[20-Sep-2023 12:11:01 UTC] PHP Warning:  PHP Startup: Unable to load dynamic library 'php_mysqli.dll' (tried: C:/Program Files (x86)/Local/resources/extraResources/lightning-services/php-8.1.9+8/bin/win64/ext\php_mysqli.dll (The specified module could not be found), C:/Program Files (x86)/Local/resources/extraResources/lightning-services/php-8.1.9+8/bin/win64/ext\php_php_mysqli.dll.dll (The specified module could not be found)) in Unknown on line 0
[20-Sep-2023 12:11:01 UTC] PHP Warning:  PHP Startup: Unable to load dynamic library 'php_pdo_mysql.dll' (tried: C:/Program Files (x86)/Local/resources/extraResources/lightning-services/php-8.1.9+8/bin/win64/ext\php_pdo_mysql.dll (The specified module could not be found), C:/Program Files (x86)/Local/resources/extraResources/lightning-services/php-8.1.9+8/bin/win64/ext\php_php_pdo_mysql.dll.dll (The specified module could not be found)) in Unknown on line 0
[20-Sep-2023 12:11:01 UTC] PHP Warning:  PHP Startup: Unable to load dynamic library 'php_fileinfo.dll' (tried: C:/Program Files (x86)/Local/resources/extraResources/lightning-services/php-8.1.9+8/bin/win64/ext\php_fileinfo.dll (The specified module could not be found), C:/Program Files (x86)/Local/resources/extraResources/lightning-services/php-8.1.9+8/bin/win64/ext\php_php_fileinfo.dll.dll (The specified module could not be found)) in Unknown on line 0
[20-Sep-2023 12:11:01 UTC] PHP Warning:  PHP Startup: Unable to load dynamic library 'php_intl.dll' (tried: C:/Program Files (x86)/Local/resources/extraResources/lightning-services/php-8.1.9+8/bin/win64/ext\php_intl.dll (The specified module could not be found), C:/Program Files (x86)/Local/resources/extraResources/lightning-services/php-8.1.9+8/bin/win64/ext\php_php_intl.dll.dll (The specified module could not be found)) in Unknown on line 0
[20-Sep-2023 12:11:02 UTC] PHP Warning:  Failed loading Zend extension 'php_opcache.dll' (tried: C:/Program Files (x86)/Local/resources/extraResources/lightning-services/php-8.1.9+8/bin/win64/ext\php_opcache.dll (The specified module could not be found), C:/Program Files (x86)/Local/resources/extraResources/lightning-services/php-8.1.9+8/bin/win64/ext\php_php_opcache.dll.dll (The specified module could not be found)) in Unknown on line 0
[20-Sep-2023 12:11:02 UTC] PHP Warning:  Failed loading Zend extension 'php_xdebug.dll' (tried: C:/Program Files (x86)/Local/resources/extraResources/lightning-services/php-8.1.9+8/bin/win64/ext\php_xdebug.dll (The specified module could not be found), C:/Program Files (x86)/Local/resources/extraResources/lightning-services/php-8.1.9+8/bin/win64/ext\php_php_xdebug.dll.dll (The specified module could not be found)) in Unknown on line 0
[20-Sep-2023 12:11:02 UTC] PHP Warning:  PHP Startup: Unable to load dynamic library 'php_curl.dll' (tried: C:/Program Files (x86)/Local/resources/extraResources/lightning-services/php-8.1.9+8/bin/win64/ext\php_curl.dll (The specified module could not be found), C:/Program Files (x86)/Local/resources/extraResources/lightning-services/php-8.1.9+8/bin/win64/ext\php_php_curl.dll.dll (The specified module could not be found)) in Unknown on line 0
[20-Sep-2023 12:11:02 UTC] PHP Warning:  PHP Startup: Unable to load dynamic library 'php_gettext.dll' (tried: C:/Program Files (x86)/Local/resources/extraResources/lightning-services/php-8.1.9+8/bin/win64/ext\php_gettext.dll (The specified module could not be found), C:/Program Files (x86)/Local/resources/extraResources/lightning-services/php-8.1.9+8/bin/win64/ext\php_php_gettext.dll.dll (The specified module could not be found)) in Unknown on line 0
[20-Sep-2023 12:11:02 UTC] PHP Warning:  PHP Startup: Unable to load dynamic library 'php_openssl.dll' (tried: C:/Program Files (x86)/Local/resources/extraResources/lightning-services/php-8.1.9+8/bin/win64/ext\php_openssl.dll (The specified module could not be found), C:/Program Files (x86)/Local/resources/extraResources/lightning-services/php-8.1.9+8/bin/win64/ext\php_php_openssl.dll.dll (The specified module could not be found)) in Unknown on line 0
[20-Sep-2023 12:11:02 UTC] PHP Warning:  PHP Startup: Unable to load dynamic library 'php_exif.dll' (tried: C:/Program Files (x86)/Local/resources/extraResources/lightning-services/php-8.1.9+8/bin/win64/ext\php_exif.dll (The specified module could not be found), C:/Program Files (x86)/Local/resources/extraResources/lightning-services/php-8.1.9+8/bin/win64/ext\php_php_exif.dll.dll (The specified module could not be found)) in Unknown on line 0
[20-Sep-2023 12:11:02 UTC] PHP Warning:  PHP Startup: Unable to load dynamic library 'php_gd.dll' (tried: C:/Program Files (x86)/Local/resources/extraResources/lightning-services/php-8.1.9+8/bin/win64/ext\php_gd.dll (The specified module could not be found), C:/Program Files (x86)/Local/resources/extraResources/lightning-services/php-8.1.9+8/bin/win64/ext\php_php_gd.dll.dll (The specified module could not be found)) in Unknown on line 0
[20-Sep-2023 12:11:02 UTC] PHP Warning:  PHP Startup: Unable to load dynamic library 'php_ftp.dll' (tried: C:/Program Files (x86)/Local/resources/extraResources/lightning-services/php-8.1.9+8/bin/win64/ext\php_ftp.dll (The specified module could not be found), C:/Program Files (x86)/Local/resources/extraResources/lightning-services/php-8.1.9+8/bin/win64/ext\php_php_ftp.dll.dll (The specified module could not be found)) in Unknown on line 0
[20-Sep-2023 12:11:02 UTC] PHP Warning:  PHP Startup: Unable to load dynamic library 'php_imap.dll' (tried: C:/Program Files (x86)/Local/resources/extraResources/lightning-services/php-8.1.9+8/bin/win64/ext\php_imap.dll (The specified module could not be found), C:/Program Files (x86)/Local/resources/extraResources/lightning-services/php-8.1.9+8/bin/win64/ext\php_php_imap.dll.dll (The specified module could not be found)) in Unknown on line 0
[20-Sep-2023 12:11:02 UTC] PHP Warning:  PHP Startup: Unable to load dynamic library 'php_bz2.dll' (tried: C:/Program Files (x86)/Local/resources/extraResources/lightning-services/php-8.1.9+8/bin/win64/ext\php_bz2.dll (The specified module could not be found), C:/Program Files (x86)/Local/resources/extraResources/lightning-services/php-8.1.9+8/bin/win64/ext\php_php_bz2.dll.dll (The specified module could not be found)) in Unknown on line 0
[20-Sep-2023 12:11:02 UTC] PHP Warning:  PHP Startup: Unable to load dynamic library 'php_mbstring.dll' (tried: C:/Program Files (x86)/Local/resources/extraResources/lightning-services/php-8.1.9+8/bin/win64/ext\php_mbstring.dll (The specified module could not be found), C:/Program Files (x86)/Local/resources/extraResources/lightning-services/php-8.1.9+8/bin/win64/ext\php_php_mbstring.dll.dll (The specified module could not be found)) in Unknown on line 0
[20-Sep-2023 12:11:02 UTC] PHP Warning:  PHP Startup: Unable to load dynamic library 'php_sodium.dll' (tried: C:/Program Files (x86)/Local/resources/extraResources/lightning-services/php-8.1.9+8/bin/win64/ext\php_sodium.dll (The specified module could not be found), C:/Program Files (x86)/Local/resources/extraResources/lightning-services/php-8.1.9+8/bin/win64/ext\php_php_sodium.dll.dll (The specified module could not be found)) in Unknown on line 0
[20-Sep-2023 12:11:02 UTC] PHP Warning:  PHP Startup: Unable to load dynamic library 'php_tidy.dll' (tried: C:/Program Files (x86)/Local/resources/extraResources/lightning-services/php-8.1.9+8/bin/win64/ext\php_tidy.dll (The specified module could not be found), C:/Program Files (x86)/Local/resources/extraResources/lightning-services/php-8.1.9+8/bin/win64/ext\php_php_tidy.dll.dll (The specified module could not be found)) in Unknown on line 0
[20-Sep-2023 12:11:02 UTC] PHP Warning:  PHP Startup: Unable to load dynamic library 'php_xsl.dll' (tried: C:/Program Files (x86)/Local/resources/extraResources/lightning-services/php-8.1.9+8/bin/win64/ext\php_xsl.dll (The specified module could not be found), C:/Program Files (x86)/Local/resources/extraResources/lightning-services/php-8.1.9+8/bin/win64/ext\php_php_xsl.dll.dll (The specified module could not be found)) in Unknown on line 0
[20-Sep-2023 12:11:02 UTC] PHP Warning:  PHP Startup: Unable to load dynamic library 'php_soap.dll' (tried: C:/Program Files (x86)/Local/resources/extraResources/lightning-services/php-8.1.9+8/bin/win64/ext\php_soap.dll (The specified module could not be found), C:/Program Files (x86)/Local/resources/extraResources/lightning-services/php-8.1.9+8/bin/win64/ext\php_php_soap.dll.dll (The specified module could not be found)) in Unknown on line 0
[20-Sep-2023 12:11:02 UTC] PHP Warning:  PHP Startup: Unable to load dynamic library 'php_mysqli.dll' (tried: C:/Program Files (x86)/Local/resources/extraResources/lightning-services/php-8.1.9+8/bin/win64/ext\php_mysqli.dll (The specified module could not be found), C:/Program Files (x86)/Local/resources/extraResources/lightning-services/php-8.1.9+8/bin/win64/ext\php_php_mysqli.dll.dll (The specified module could not be found)) in Unknown on line 0
[20-Sep-2023 12:11:02 UTC] PHP Warning:  PHP Startup: Unable to load dynamic library 'php_pdo_mysql.dll' (tried: C:/Program Files (x86)/Local/resources/extraResources/lightning-services/php-8.1.9+8/bin/win64/ext\php_pdo_mysql.dll (The specified module could not be found), C:/Program Files (x86)/Local/resources/extraResources/lightning-services/php-8.1.9+8/bin/win64/ext\php_php_pdo_mysql.dll.dll (The specified module could not be found)) in Unknown on line 0
[20-Sep-2023 12:11:02 UTC] PHP Warning:  PHP Startup: Unable to load dynamic library 'php_fileinfo.dll' (tried: C:/Program Files (x86)/Local/resources/extraResources/lightning-services/php-8.1.9+8/bin/win64/ext\php_fileinfo.dll (The specified module could not be found), C:/Program Files (x86)/Local/resources/extraResources/lightning-services/php-8.1.9+8/bin/win64/ext\php_php_fileinfo.dll.dll (The specified module could not be found)) in Unknown on line 0
[20-Sep-2023 12:11:02 UTC] PHP Warning:  PHP Startup: Unable to load dynamic library 'php_intl.dll' (tried: C:/Program Files (x86)/Local/resources/extraResources/lightning-services/php-8.1.9+8/bin/win64/ext\php_intl.dll (The specified module could not be found), C:/Program Files (x86)/Local/resources/extraResources/lightning-services/php-8.1.9+8/bin/win64/ext\php_php_intl.dll.dll (The specified module could not be found)) in Unknown on line 0
[20-Sep-2023 12:12:46 UTC] Cron reschedule event error for hook: wp_scheduled_delete, Error code: could_not_set, Error message: The cron event list could not be saved., Data: {"schedule":"daily","args":[],"interval":86400}
[25-Sep-2023 07:08:11 UTC] Cron reschedule event error for hook: wp_privacy_delete_old_export_files, Error code: could_not_set, Error message: The cron event list could not be saved., Data: {"schedule":"hourly","args":[],"interval":3600}
[06-Oct-2023 15:15:01 UTC] Cron reschedule event error for hook: wp_version_check, Error code: could_not_set, Error message: The cron event list could not be saved., Data: {"schedule":"twicedaily","args":[],"interval":43200}
[06-Oct-2023 15:15:08 UTC] Cron reschedule event error for hook: wp_update_user_counts, Error code: could_not_set, Error message: The cron event list could not be saved., Data: {"schedule":"twicedaily","args":[],"interval":43200}
[09-Oct-2023 18:36:26 UTC] Cron reschedule event error for hook: wp_https_detection, Error code: could_not_set, Error message: The cron event list could not be saved., Data: {"schedule":"twicedaily","args":[],"interval":43200}
[10-Oct-2023 15:36:17 UTC] Cron reschedule event error for hook: wp_privacy_delete_old_export_files, Error code: could_not_set, Error message: The cron event list could not be saved., Data: {"schedule":"hourly","args":[],"interval":3600}
[10-Oct-2023 17:48:15 UTC] PHP Fatal error:  Uncaught Error: Call to a member function is_built_with_elementor() on bool in C:\Users\ignja\Local Sites\ves-auto-centar\app\public\wp-content\plugins\elementor\core\documents-manager.php:511
Stack trace:
#0 [internal function]: Elementor\Core\Documents_Manager->ajax_save(Array, Object(Elementor\Core\Common\Modules\Ajax\Module))
#1 C:\Users\ignja\Local Sites\ves-auto-centar\app\public\wp-content\plugins\elementor\core\common\modules\ajax\module.php(175): call_user_func(Array, Array, Object(Elementor\Core\Common\Modules\Ajax\Module))
#2 C:\Users\ignja\Local Sites\ves-auto-centar\app\public\wp-includes\class-wp-hook.php(310): Elementor\Core\Common\Modules\Ajax\Module->handle_ajax_request('')
#3 C:\Users\ignja\Local Sites\ves-auto-centar\app\public\wp-includes\class-wp-hook.php(334): WP_Hook->apply_filters('', Array)
#4 C:\Users\ignja\Local Sites\ves-auto-centar\app\public\wp-includes\plugin.php(517): WP_Hook->do_action(Array)
#5 C:\Users\ignja\Local Sites\ves-auto-centar\app\public\wp-admin\admin-ajax.php(188): do_action('wp_ajax_element...')
#6 {main}
  thrown in C:\Users\ignja\Local Sites\ves-auto-centar\app\public\wp-content\plugins\elementor\core\documents-manager.php on line 511
[10-Oct-2023 17:49:53 UTC] PHP Fatal error:  Uncaught Error: Call to a member function is_built_with_elementor() on bool in C:\Users\ignja\Local Sites\ves-auto-centar\app\public\wp-content\plugins\elementor\core\documents-manager.php:511
Stack trace:
#0 [internal function]: Elementor\Core\Documents_Manager->ajax_save(Array, Object(Elementor\Core\Common\Modules\Ajax\Module))
#1 C:\Users\ignja\Local Sites\ves-auto-centar\app\public\wp-content\plugins\elementor\core\common\modules\ajax\module.php(175): call_user_func(Array, Array, Object(Elementor\Core\Common\Modules\Ajax\Module))
#2 C:\Users\ignja\Local Sites\ves-auto-centar\app\public\wp-includes\class-wp-hook.php(310): Elementor\Core\Common\Modules\Ajax\Module->handle_ajax_request('')
#3 C:\Users\ignja\Local Sites\ves-auto-centar\app\public\wp-includes\class-wp-hook.php(334): WP_Hook->apply_filters('', Array)
#4 C:\Users\ignja\Local Sites\ves-auto-centar\app\public\wp-includes\plugin.php(517): WP_Hook->do_action(Array)
#5 C:\Users\ignja\Local Sites\ves-auto-centar\app\public\wp-admin\admin-ajax.php(188): do_action('wp_ajax_element...')
#6 {main}
  thrown in C:\Users\ignja\Local Sites\ves-auto-centar\app\public\wp-content\plugins\elementor\core\documents-manager.php on line 511
[10-Oct-2023 17:55:55 UTC] PHP Fatal error:  Uncaught Error: Call to a member function is_built_with_elementor() on bool in C:\Users\ignja\Local Sites\ves-auto-centar\app\public\wp-content\plugins\elementor\core\documents-manager.php:511
Stack trace:
#0 [internal function]: Elementor\Core\Documents_Manager->ajax_save(Array, Object(Elementor\Core\Common\Modules\Ajax\Module))
#1 C:\Users\ignja\Local Sites\ves-auto-centar\app\public\wp-content\plugins\elementor\core\common\modules\ajax\module.php(175): call_user_func(Array, Array, Object(Elementor\Core\Common\Modules\Ajax\Module))
#2 C:\Users\ignja\Local Sites\ves-auto-centar\app\public\wp-includes\class-wp-hook.php(310): Elementor\Core\Common\Modules\Ajax\Module->handle_ajax_request('')
#3 C:\Users\ignja\Local Sites\ves-auto-centar\app\public\wp-includes\class-wp-hook.php(334): WP_Hook->apply_filters('', Array)
#4 C:\Users\ignja\Local Sites\ves-auto-centar\app\public\wp-includes\plugin.php(517): WP_Hook->do_action(Array)
#5 C:\Users\ignja\Local Sites\ves-auto-centar\app\public\wp-admin\admin-ajax.php(188): do_action('wp_ajax_element...')
#6 {main}
  thrown in C:\Users\ignja\Local Sites\ves-auto-centar\app\public\wp-content\plugins\elementor\core\documents-manager.php on line 511
[10-Oct-2023 17:57:11 UTC] PHP Fatal error:  Uncaught Error: Call to a member function is_built_with_elementor() on bool in C:\Users\ignja\Local Sites\ves-auto-centar\app\public\wp-content\plugins\elementor\core\documents-manager.php:511
Stack trace:
#0 [internal function]: Elementor\Core\Documents_Manager->ajax_save(Array, Object(Elementor\Core\Common\Modules\Ajax\Module))
#1 C:\Users\ignja\Local Sites\ves-auto-centar\app\public\wp-content\plugins\elementor\core\common\modules\ajax\module.php(175): call_user_func(Array, Array, Object(Elementor\Core\Common\Modules\Ajax\Module))
#2 C:\Users\ignja\Local Sites\ves-auto-centar\app\public\wp-includes\class-wp-hook.php(310): Elementor\Core\Common\Modules\Ajax\Module->handle_ajax_request('')
#3 C:\Users\ignja\Local Sites\ves-auto-centar\app\public\wp-includes\class-wp-hook.php(334): WP_Hook->apply_filters('', Array)
#4 C:\Users\ignja\Local Sites\ves-auto-centar\app\public\wp-includes\plugin.php(517): WP_Hook->do_action(Array)
#5 C:\Users\ignja\Local Sites\ves-auto-centar\app\public\wp-admin\admin-ajax.php(188): do_action('wp_ajax_element...')
#6 {main}
  thrown in C:\Users\ignja\Local Sites\ves-auto-centar\app\public\wp-content\plugins\elementor\core\documents-manager.php on line 511
[10-Oct-2023 17:57:13 UTC] PHP Fatal error:  Uncaught Error: Call to a member function is_built_with_elementor() on bool in C:\Users\ignja\Local Sites\ves-auto-centar\app\public\wp-content\plugins\elementor\core\documents-manager.php:511
Stack trace:
#0 [internal function]: Elementor\Core\Documents_Manager->ajax_save(Array, Object(Elementor\Core\Common\Modules\Ajax\Module))
#1 C:\Users\ignja\Local Sites\ves-auto-centar\app\public\wp-content\plugins\elementor\core\common\modules\ajax\module.php(175): call_user_func(Array, Array, Object(Elementor\Core\Common\Modules\Ajax\Module))
#2 C:\Users\ignja\Local Sites\ves-auto-centar\app\public\wp-includes\class-wp-hook.php(310): Elementor\Core\Common\Modules\Ajax\Module->handle_ajax_request('')
#3 C:\Users\ignja\Local Sites\ves-auto-centar\app\public\wp-includes\class-wp-hook.php(334): WP_Hook->apply_filters('', Array)
#4 C:\Users\ignja\Local Sites\ves-auto-centar\app\public\wp-includes\plugin.php(517): WP_Hook->do_action(Array)
#5 C:\Users\ignja\Local Sites\ves-auto-centar\app\public\wp-admin\admin-ajax.php(188): do_action('wp_ajax_element...')
#6 {main}
  thrown in C:\Users\ignja\Local Sites\ves-auto-centar\app\public\wp-content\plugins\elementor\core\documents-manager.php on line 511
[10-Oct-2023 17:57:18 UTC] PHP Fatal error:  Uncaught Error: Call to a member function is_built_with_elementor() on bool in C:\Users\ignja\Local Sites\ves-auto-centar\app\public\wp-content\plugins\elementor\core\documents-manager.php:511
Stack trace:
#0 [internal function]: Elementor\Core\Documents_Manager->ajax_save(Array, Object(Elementor\Core\Common\Modules\Ajax\Module))
#1 C:\Users\ignja\Local Sites\ves-auto-centar\app\public\wp-content\plugins\elementor\core\common\modules\ajax\module.php(175): call_user_func(Array, Array, Object(Elementor\Core\Common\Modules\Ajax\Module))
#2 C:\Users\ignja\Local Sites\ves-auto-centar\app\public\wp-includes\class-wp-hook.php(310): Elementor\Core\Common\Modules\Ajax\Module->handle_ajax_request('')
#3 C:\Users\ignja\Local Sites\ves-auto-centar\app\public\wp-includes\class-wp-hook.php(334): WP_Hook->apply_filters('', Array)
#4 C:\Users\ignja\Local Sites\ves-auto-centar\app\public\wp-includes\plugin.php(517): WP_Hook->do_action(Array)
#5 C:\Users\ignja\Local Sites\ves-auto-centar\app\public\wp-admin\admin-ajax.php(188): do_action('wp_ajax_element...')
#6 {main}
  thrown in C:\Users\ignja\Local Sites\ves-auto-centar\app\public\wp-content\plugins\elementor\core\documents-manager.php on line 511
[10-Oct-2023 17:57:55 UTC] PHP Fatal error:  Uncaught Error: Call to a member function is_built_with_elementor() on bool in C:\Users\ignja\Local Sites\ves-auto-centar\app\public\wp-content\plugins\elementor\core\documents-manager.php:511
Stack trace:
#0 [internal function]: Elementor\Core\Documents_Manager->ajax_save(Array, Object(Elementor\Core\Common\Modules\Ajax\Module))
#1 C:\Users\ignja\Local Sites\ves-auto-centar\app\public\wp-content\plugins\elementor\core\common\modules\ajax\module.php(175): call_user_func(Array, Array, Object(Elementor\Core\Common\Modules\Ajax\Module))
#2 C:\Users\ignja\Local Sites\ves-auto-centar\app\public\wp-includes\class-wp-hook.php(310): Elementor\Core\Common\Modules\Ajax\Module->handle_ajax_request('')
#3 C:\Users\ignja\Local Sites\ves-auto-centar\app\public\wp-includes\class-wp-hook.php(334): WP_Hook->apply_filters('', Array)
#4 C:\Users\ignja\Local Sites\ves-auto-centar\app\public\wp-includes\plugin.php(517): WP_Hook->do_action(Array)
#5 C:\Users\ignja\Local Sites\ves-auto-centar\app\public\wp-admin\admin-ajax.php(188): do_action('wp_ajax_element...')
#6 {main}
  thrown in C:\Users\ignja\Local Sites\ves-auto-centar\app\public\wp-content\plugins\elementor\core\documents-manager.php on line 511
[10-Oct-2023 18:00:38 UTC] PHP Fatal error:  Uncaught Error: Call to a member function is_built_with_elementor() on bool in C:\Users\ignja\Local Sites\ves-auto-centar\app\public\wp-content\plugins\elementor\core\documents-manager.php:511
Stack trace:
#0 [internal function]: Elementor\Core\Documents_Manager->ajax_save(Array, Object(Elementor\Core\Common\Modules\Ajax\Module))
#1 C:\Users\ignja\Local Sites\ves-auto-centar\app\public\wp-content\plugins\elementor\core\common\modules\ajax\module.php(175): call_user_func(Array, Array, Object(Elementor\Core\Common\Modules\Ajax\Module))
#2 C:\Users\ignja\Local Sites\ves-auto-centar\app\public\wp-includes\class-wp-hook.php(310): Elementor\Core\Common\Modules\Ajax\Module->handle_ajax_request('')
#3 C:\Users\ignja\Local Sites\ves-auto-centar\app\public\wp-includes\class-wp-hook.php(334): WP_Hook->apply_filters('', Array)
#4 C:\Users\ignja\Local Sites\ves-auto-centar\app\public\wp-includes\plugin.php(517): WP_Hook->do_action(Array)
#5 C:\Users\ignja\Local Sites\ves-auto-centar\app\public\wp-admin\admin-ajax.php(188): do_action('wp_ajax_element...')
#6 {main}
  thrown in C:\Users\ignja\Local Sites\ves-auto-centar\app\public\wp-content\plugins\elementor\core\documents-manager.php on line 511
[20-Oct-2023 09:44:59 UTC] PHP Warning:  Attempt to read property "title" on null in C:\Users\ignja\Local Sites\ves-auto-centar\app\public\wp-includes\class-wp-customize-widgets.php on line 905
